Running main() from /home/carson/Projects/msu/csci-366-spring2021/grading/scripts/repos/justin_hickman/homework_2/lib/googletest/src/gtest_main.cc
[==========] Running 2 tests from 2 test suites.
[----------] Global test environment set-up.
[----------] 1 test from print_binary_representation
[ RUN      ] print_binary_representation.works
/home/carson/Projects/msu/csci-366-spring2021/grading/scripts/repos/justin_hickman/homework_2/homework_2.cpp:19: Failure
Expected equality of these values:
  "0b00000000000000000000000000000000"
  print_binary_representation(0, buffer)
    Which is: "0b"
/home/carson/Projects/msu/csci-366-spring2021/grading/scripts/repos/justin_hickman/homework_2/homework_2.cpp:20: Failure
Expected equality of these values:
  "0b00000000000000000000000000000001"
  print_binary_representation(1, buffer)
    Which is: "0b"
/home/carson/Projects/msu/csci-366-spring2021/grading/scripts/repos/justin_hickman/homework_2/homework_2.cpp:21: Failure
Expected equality of these values:
  "0b00000000000000000000000000000010"
  print_binary_representation(2, buffer)
    Which is: "0b"
/home/carson/Projects/msu/csci-366-spring2021/grading/scripts/repos/justin_hickman/homework_2/homework_2.cpp:22: Failure
Expected equality of these values:
  "0b00000000000000000000000000000011"
  print_binary_representation(3, buffer)
    Which is: "0b"
/home/carson/Projects/msu/csci-366-spring2021/grading/scripts/repos/justin_hickman/homework_2/homework_2.cpp:23: Failure
Expected equality of these values:
  "0b00000000000000000000000000000100"
  print_binary_representation(4, buffer)
    Which is: "0b"
/home/carson/Projects/msu/csci-366-spring2021/grading/scripts/repos/justin_hickman/homework_2/homework_2.cpp:24: Failure
Expected equality of these values:
  "0b00000001110111111001101001000010"
  print_binary_representation(31431234, buffer)
    Which is: "0b"
/home/carson/Projects/msu/csci-366-spring2021/grading/scripts/repos/justin_hickman/homework_2/homework_2.cpp:25: Failure
Expected equality of these values:
  "0b00011011111000100100001101011101"
  print_binary_representation(467813213, buffer)
    Which is: "0b"
/home/carson/Projects/msu/csci-366-spring2021/grading/scripts/repos/justin_hickman/homework_2/homework_2.cpp:26: Failure
Expected equality of these values:
  "0b11111111111111111111111111111111"
  print_binary_representation((4294967295U), buffer)
    Which is: "0b"
[  FAILED  ] print_binary_representation.works (0 ms)
[----------] 1 test from print_binary_representation (0 ms total)

[----------] 1 test from set_my_age
[ RUN      ] set_my_age.works
/home/carson/Projects/msu/csci-366-spring2021/grading/scripts/repos/justin_hickman/homework_2/homework_2.cpp:52: Failure
Expected equality of these values:
  44
  get_my_age()
    Which is: -1440001544
[  FAILED  ] set_my_age.works (0 ms)
[----------] 1 test from set_my_age (0 ms total)

[----------] Global test environment tear-down
[==========] 2 tests from 2 test suites ran. (0 ms total)
[  PASSED  ] 0 tests.
[  FAILED  ] 2 tests, listed below:
[  FAILED  ] print_binary_representation.works
[  FAILED  ] set_my_age.works

 2 FAILED TESTS
